<?xml version="1.0" encoding="UTF-8"?>
<testng-results ignored="0" total="1" passed="1" failed="0" skipped="0">
  <reporter-output>
  </reporter-output>
  <suite started-at="2026-08-03T22:39:34 IST" name="Loginsuite" finished-at="2026-08-03T22:39:45 IST" duration-ms="11091">
    <groups>
    </groups>
    <test started-at="2026-08-03T22:39:34 IST" name="LoginTests" finished-at="2026-08-03T22:39:45 IST" duration-ms="11091">
      <class name="tests.LoginTest">
        <test-method is-config="true" signature="setup()[pri:0, instance:tests.LoginTest@c8c12ac]" started-at="2026-08-03T22:39:34 IST" name="setup" finished-at="2026-08-03T22:39:42 IST" duration-ms="8153" status="PASS">
          <reporter-output>
          </reporter-output>
        </test-method> <!-- setup -->
        <test-method signature="testValidLogin()[pri:0, instance:tests.LoginTest@c8c12ac]" started-at="2026-08-03T22:39:42 IST" name="testValidLogin" finished-at="2026-08-03T22:39:45 IST" duration-ms="2819" status="PASS">
          <reporter-output>
          </reporter-output>
        </test-method> <!-- testValidLogin -->
        <test-method is-config="true" signature="tearDown()[pri:0, instance:tests.LoginTest@c8c12ac]" started-at="2026-08-03T22:39:45 IST" name="tearDown" finished-at="2026-08-03T22:39:45 IST" duration-ms="2" status="PASS">
          <reporter-output>
          </reporter-output>
        </test-method> <!-- tearDown -->
      </class> <!-- tests.LoginTest -->
    </test> <!-- LoginTests -->
  </suite> <!-- Loginsuite -->
</testng-results>
